2016/01/21 09:06:53 [trace] [system.CModule] Loading "log" application component
in D:\wamp\www\file.myzd.com\index.php (13)
2016/01/21 09:06:53 [trace] [system.CModule] Loading "db" application component
in D:\wamp\www\file.myzd.com\index.php (13)
2016/01/21 09:06:53 [trace] [system.db.CDbConnection] Opening DB connection
in D:\wamp\www\file.myzd.com\index.php (13)
2016/01/21 09:06:53 [trace] [system.db.CDbCommand] Executing SQL: DELETE FROM `core_log` WHERE 0=1
in D:\wamp\www\file.myzd.com\index.php (13)
2016/01/21 09:06:53 [trace] [system.CModule] Loading "request" application component
in D:\wamp\www\file.myzd.com\index.php (13)
2016/01/21 09:06:53 [trace] [system.CModule] Loading "session" application component
in D:\wamp\www\file.myzd.com\protected\components\ApplicationConfigBehavior.php (28)
in D:\wamp\www\file.myzd.com\index.php (13)
2016/01/21 09:06:53 [trace] [system.db.CDbCommand] Executing SQL: DELETE FROM `core_session` WHERE expire<:expire
in D:\wamp\www\file.myzd.com\protected\components\ApplicationConfigBehavior.php (28)
in D:\wamp\www\file.myzd.com\index.php (13)
2016/01/21 09:06:53 [trace] [system.db.CDbCommand] Querying SQL: SELECT `data`
FROM `core_session`
WHERE expire>:expire AND id=:id
in D:\wamp\www\file.myzd.com\protected\components\ApplicationConfigBehavior.php (28)
in D:\wamp\www\file.myzd.com\index.php (13)
2016/01/21 09:06:53 [trace] [system.CModule] Loading "user" application component
in D:\wamp\www\file.myzd.com\protected\components\ApplicationConfigBehavior.php (32)
in D:\wamp\www\file.myzd.com\index.php (13)
2016/01/21 09:06:53 [trace] [system.CModule] Loading "urlManager" application component
in D:\wamp\www\file.myzd.com\index.php (13)
2016/01/21 09:06:53 [trace] [system.CModule] Loading "coreMessages" application component
in D:\wamp\www\file.myzd.com\index.php (13)
2016/01/21 09:06:53 [trace] [system.CModule] Loading "errorHandler" application component
2016/01/21 09:06:53 [trace] [system.db.CDbCommand] Executing SQL: INSERT INTO `core_log` (`level`, `category`, `logtime`, `message`) VALUES (:level, :category, :logtime, :message)
2016/01/21 09:07:38 [trace] [system.CModule] Loading "log" application component
in D:\wamp\www\file.myzd.com\index.php (13)
2016/01/21 09:07:38 [trace] [system.CModule] Loading "db" application component
in D:\wamp\www\file.myzd.com\index.php (13)
2016/01/21 09:07:38 [trace] [system.db.CDbConnection] Opening DB connection
in D:\wamp\www\file.myzd.com\index.php (13)
2016/01/21 09:07:38 [trace] [system.db.CDbCommand] Executing SQL: DELETE FROM `core_log` WHERE 0=1
in D:\wamp\www\file.myzd.com\index.php (13)
2016/01/21 09:07:38 [trace] [system.CModule] Loading "request" application component
in D:\wamp\www\file.myzd.com\index.php (13)
2016/01/21 09:07:38 [trace] [system.CModule] Loading "session" application component
in D:\wamp\www\file.myzd.com\protected\components\ApplicationConfigBehavior.php (28)
in D:\wamp\www\file.myzd.com\index.php (13)
2016/01/21 09:07:38 [trace] [system.db.CDbCommand] Executing SQL: DELETE FROM `core_session` WHERE expire<:expire
in D:\wamp\www\file.myzd.com\protected\components\ApplicationConfigBehavior.php (28)
in D:\wamp\www\file.myzd.com\index.php (13)
2016/01/21 09:07:38 [trace] [system.db.CDbCommand] Querying SQL: SELECT `data`
FROM `core_session`
WHERE expire>:expire AND id=:id
in D:\wamp\www\file.myzd.com\protected\components\ApplicationConfigBehavior.php (28)
in D:\wamp\www\file.myzd.com\index.php (13)
2016/01/21 09:07:38 [trace] [system.CModule] Loading "user" application component
in D:\wamp\www\file.myzd.com\protected\components\ApplicationConfigBehavior.php (32)
in D:\wamp\www\file.myzd.com\index.php (13)
2016/01/21 09:07:38 [trace] [system.CModule] Loading "urlManager" application component
in D:\wamp\www\file.myzd.com\index.php (13)
2016/01/21 09:07:38 [trace] [system.CModule] Loading "coreMessages" application component
in D:\wamp\www\file.myzd.com\index.php (13)
2016/01/21 09:07:38 [trace] [system.CModule] Loading "errorHandler" application component
2016/01/21 09:07:38 [trace] [system.db.CDbCommand] Executing SQL: INSERT INTO `core_log` (`level`, `category`, `logtime`, `message`) VALUES (:level, :category, :logtime, :message)
2016/01/21 09:07:54 [trace] [system.CModule] Loading "log" application component
in D:\wamp\www\file.myzd.com\index.php (13)
2016/01/21 09:07:54 [trace] [system.CModule] Loading "db" application component
in D:\wamp\www\file.myzd.com\index.php (13)
2016/01/21 09:07:54 [trace] [system.db.CDbConnection] Opening DB connection
in D:\wamp\www\file.myzd.com\index.php (13)
2016/01/21 09:07:54 [trace] [system.db.CDbCommand] Executing SQL: DELETE FROM `core_log` WHERE 0=1
in D:\wamp\www\file.myzd.com\index.php (13)
2016/01/21 09:07:54 [trace] [system.CModule] Loading "request" application component
in D:\wamp\www\file.myzd.com\index.php (13)
2016/01/21 09:07:54 [trace] [system.CModule] Loading "session" application component
in D:\wamp\www\file.myzd.com\protected\components\ApplicationConfigBehavior.php (28)
in D:\wamp\www\file.myzd.com\index.php (13)
2016/01/21 09:07:54 [trace] [system.db.CDbCommand] Executing SQL: DELETE FROM `core_session` WHERE expire<:expire
in D:\wamp\www\file.myzd.com\protected\components\ApplicationConfigBehavior.php (28)
in D:\wamp\www\file.myzd.com\index.php (13)
2016/01/21 09:07:54 [trace] [system.db.CDbCommand] Querying SQL: SELECT `data`
FROM `core_session`
WHERE expire>:expire AND id=:id
in D:\wamp\www\file.myzd.com\protected\components\ApplicationConfigBehavior.php (28)
in D:\wamp\www\file.myzd.com\index.php (13)
2016/01/21 09:07:54 [trace] [system.CModule] Loading "user" application component
in D:\wamp\www\file.myzd.com\protected\components\ApplicationConfigBehavior.php (32)
in D:\wamp\www\file.myzd.com\index.php (13)
2016/01/21 09:07:54 [trace] [system.CModule] Loading "urlManager" application component
in D:\wamp\www\file.myzd.com\index.php (13)
2016/01/21 09:07:54 [trace] [system.CModule] Loading "coreMessages" application component
in D:\wamp\www\file.myzd.com\index.php (13)
2016/01/21 09:07:54 [trace] [system.CModule] Loading "errorHandler" application component
2016/01/21 09:07:54 [trace] [system.db.CDbCommand] Executing SQL: INSERT INTO `core_log` (`level`, `category`, `logtime`, `message`) VALUES (:level, :category, :logtime, :message)
2016/01/21 09:08:37 [trace] [system.CModule] Loading "log" application component
in D:\wamp\www\file.myzd.com\index.php (13)
2016/01/21 09:08:37 [trace] [system.CModule] Loading "db" application component
in D:\wamp\www\file.myzd.com\index.php (13)
2016/01/21 09:08:37 [trace] [system.db.CDbConnection] Opening DB connection
in D:\wamp\www\file.myzd.com\index.php (13)
2016/01/21 09:08:37 [trace] [system.db.CDbCommand] Executing SQL: DELETE FROM `core_log` WHERE 0=1
in D:\wamp\www\file.myzd.com\index.php (13)
2016/01/21 09:08:37 [trace] [system.CModule] Loading "request" application component
in D:\wamp\www\file.myzd.com\index.php (13)
2016/01/21 09:08:37 [trace] [system.CModule] Loading "session" application component
in D:\wamp\www\file.myzd.com\protected\components\ApplicationConfigBehavior.php (28)
in D:\wamp\www\file.myzd.com\index.php (13)
2016/01/21 09:08:37 [trace] [system.db.CDbCommand] Executing SQL: DELETE FROM `core_session` WHERE expire<:expire
in D:\wamp\www\file.myzd.com\protected\components\ApplicationConfigBehavior.php (28)
in D:\wamp\www\file.myzd.com\index.php (13)
2016/01/21 09:08:37 [trace] [system.db.CDbCommand] Querying SQL: SELECT `data`
FROM `core_session`
WHERE expire>:expire AND id=:id
in D:\wamp\www\file.myzd.com\protected\components\ApplicationConfigBehavior.php (28)
in D:\wamp\www\file.myzd.com\index.php (13)
2016/01/21 09:08:37 [trace] [system.CModule] Loading "user" application component
in D:\wamp\www\file.myzd.com\protected\components\ApplicationConfigBehavior.php (32)
in D:\wamp\www\file.myzd.com\index.php (13)
2016/01/21 09:08:37 [trace] [system.CModule] Loading "urlManager" application component
in D:\wamp\www\file.myzd.com\index.php (13)
2016/01/21 09:08:37 [trace] [system.CModule] Loading "coreMessages" application component
in D:\wamp\www\file.myzd.com\index.php (13)
2016/01/21 09:08:37 [trace] [system.CModule] Loading "errorHandler" application component
2016/01/21 09:08:37 [trace] [system.db.CDbCommand] Executing SQL: INSERT INTO `core_log` (`level`, `category`, `logtime`, `message`) VALUES (:level, :category, :logtime, :message)
2016/01/21 09:08:39 [trace] [system.CModule] Loading "log" application component
in D:\wamp\www\file.myzd.com\index.php (13)
2016/01/21 09:08:39 [trace] [system.CModule] Loading "db" application component
in D:\wamp\www\file.myzd.com\index.php (13)
2016/01/21 09:08:39 [trace] [system.db.CDbConnection] Opening DB connection
in D:\wamp\www\file.myzd.com\index.php (13)
2016/01/21 09:08:39 [trace] [system.db.CDbCommand] Executing SQL: DELETE FROM `core_log` WHERE 0=1
in D:\wamp\www\file.myzd.com\index.php (13)
2016/01/21 09:08:39 [trace] [system.CModule] Loading "request" application component
in D:\wamp\www\file.myzd.com\index.php (13)
2016/01/21 09:08:39 [trace] [system.CModule] Loading "session" application component
in D:\wamp\www\file.myzd.com\protected\components\ApplicationConfigBehavior.php (28)
in D:\wamp\www\file.myzd.com\index.php (13)
2016/01/21 09:08:39 [trace] [system.db.CDbCommand] Executing SQL: DELETE FROM `core_session` WHERE expire<:expire
in D:\wamp\www\file.myzd.com\protected\components\ApplicationConfigBehavior.php (28)
in D:\wamp\www\file.myzd.com\index.php (13)
2016/01/21 09:08:39 [trace] [system.db.CDbCommand] Querying SQL: SELECT `data`
FROM `core_session`
WHERE expire>:expire AND id=:id
in D:\wamp\www\file.myzd.com\protected\components\ApplicationConfigBehavior.php (28)
in D:\wamp\www\file.myzd.com\index.php (13)
2016/01/21 09:08:39 [trace] [system.CModule] Loading "user" application component
in D:\wamp\www\file.myzd.com\protected\components\ApplicationConfigBehavior.php (32)
in D:\wamp\www\file.myzd.com\index.php (13)
2016/01/21 09:08:39 [trace] [system.CModule] Loading "urlManager" application component
in D:\wamp\www\file.myzd.com\index.php (13)
2016/01/21 09:08:39 [trace] [system.CModule] Loading "coreMessages" application component
in D:\wamp\www\file.myzd.com\index.php (13)
2016/01/21 09:08:39 [trace] [system.CModule] Loading "errorHandler" application component
2016/01/21 09:08:39 [trace] [system.db.CDbCommand] Executing SQL: INSERT INTO `core_log` (`level`, `category`, `logtime`, `message`) VALUES (:level, :category, :logtime, :message)
2016/01/21 09:10:13 [trace] [system.CModule] Loading "log" application component
in D:\wamp\www\file.myzd.com\index.php (13)
2016/01/21 09:10:13 [trace] [system.CModule] Loading "db" application component
in D:\wamp\www\file.myzd.com\index.php (13)
2016/01/21 09:10:13 [trace] [system.db.CDbConnection] Opening DB connection
in D:\wamp\www\file.myzd.com\index.php (13)
2016/01/21 09:10:13 [trace] [system.db.CDbCommand] Executing SQL: DELETE FROM `core_log` WHERE 0=1
in D:\wamp\www\file.myzd.com\index.php (13)
2016/01/21 09:10:13 [trace] [system.CModule] Loading "request" application component
in D:\wamp\www\file.myzd.com\index.php (13)
2016/01/21 09:10:13 [trace] [system.CModule] Loading "session" application component
in D:\wamp\www\file.myzd.com\protected\components\ApplicationConfigBehavior.php (28)
in D:\wamp\www\file.myzd.com\index.php (13)
2016/01/21 09:10:13 [trace] [system.db.CDbCommand] Executing SQL: DELETE FROM `core_session` WHERE expire<:expire
in D:\wamp\www\file.myzd.com\protected\components\ApplicationConfigBehavior.php (28)
in D:\wamp\www\file.myzd.com\index.php (13)
2016/01/21 09:10:13 [trace] [system.db.CDbCommand] Querying SQL: SELECT `data`
FROM `core_session`
WHERE expire>:expire AND id=:id
in D:\wamp\www\file.myzd.com\protected\components\ApplicationConfigBehavior.php (28)
in D:\wamp\www\file.myzd.com\index.php (13)
2016/01/21 09:10:13 [trace] [system.CModule] Loading "user" application component
in D:\wamp\www\file.myzd.com\protected\components\ApplicationConfigBehavior.php (32)
in D:\wamp\www\file.myzd.com\index.php (13)
2016/01/21 09:10:13 [trace] [system.CModule] Loading "urlManager" application component
in D:\wamp\www\file.myzd.com\index.php (13)
2016/01/21 09:10:13 [trace] [system.CModule] Loading "coreMessages" application component
in D:\wamp\www\file.myzd.com\index.php (13)
2016/01/21 09:10:13 [trace] [system.CModule] Loading "errorHandler" application component
2016/01/21 09:10:13 [trace] [system.db.CDbCommand] Executing SQL: INSERT INTO `core_log` (`level`, `category`, `logtime`, `message`) VALUES (:level, :category, :logtime, :message)
2016/01/21 09:10:14 [trace] [system.CModule] Loading "log" application component
in D:\wamp\www\file.myzd.com\index.php (13)
2016/01/21 09:10:14 [trace] [system.CModule] Loading "db" application component
in D:\wamp\www\file.myzd.com\index.php (13)
2016/01/21 09:10:14 [trace] [system.db.CDbConnection] Opening DB connection
in D:\wamp\www\file.myzd.com\index.php (13)
2016/01/21 09:10:14 [trace] [system.db.CDbCommand] Executing SQL: DELETE FROM `core_log` WHERE 0=1
in D:\wamp\www\file.myzd.com\index.php (13)
2016/01/21 09:10:14 [trace] [system.CModule] Loading "request" application component
in D:\wamp\www\file.myzd.com\index.php (13)
2016/01/21 09:10:14 [trace] [system.CModule] Loading "session" application component
in D:\wamp\www\file.myzd.com\protected\components\ApplicationConfigBehavior.php (28)
in D:\wamp\www\file.myzd.com\index.php (13)
2016/01/21 09:10:14 [trace] [system.db.CDbCommand] Executing SQL: DELETE FROM `core_session` WHERE expire<:expire
in D:\wamp\www\file.myzd.com\protected\components\ApplicationConfigBehavior.php (28)
in D:\wamp\www\file.myzd.com\index.php (13)
2016/01/21 09:10:14 [trace] [system.db.CDbCommand] Querying SQL: SELECT `data`
FROM `core_session`
WHERE expire>:expire AND id=:id
in D:\wamp\www\file.myzd.com\protected\components\ApplicationConfigBehavior.php (28)
in D:\wamp\www\file.myzd.com\index.php (13)
2016/01/21 09:10:14 [trace] [system.CModule] Loading "user" application component
in D:\wamp\www\file.myzd.com\protected\components\ApplicationConfigBehavior.php (32)
in D:\wamp\www\file.myzd.com\index.php (13)
2016/01/21 09:10:14 [trace] [system.CModule] Loading "urlManager" application component
in D:\wamp\www\file.myzd.com\index.php (13)
2016/01/21 09:10:14 [trace] [system.CModule] Loading "coreMessages" application component
in D:\wamp\www\file.myzd.com\index.php (13)
2016/01/21 09:10:14 [trace] [system.CModule] Loading "errorHandler" application component
2016/01/21 09:10:14 [trace] [system.db.CDbCommand] Executing SQL: INSERT INTO `core_log` (`level`, `category`, `logtime`, `message`) VALUES (:level, :category, :logtime, :message)
2016/01/21 09:24:52 [trace] [system.CModule] Loading "log" application component
in D:\wamp\www\file.myzd.com\index.php (13)
2016/01/21 09:24:52 [trace] [system.CModule] Loading "db" application component
in D:\wamp\www\file.myzd.com\index.php (13)
2016/01/21 09:24:52 [trace] [system.db.CDbConnection] Opening DB connection
in D:\wamp\www\file.myzd.com\index.php (13)
2016/01/21 09:24:52 [trace] [system.db.CDbCommand] Executing SQL: DELETE FROM `core_log` WHERE 0=1
in D:\wamp\www\file.myzd.com\index.php (13)
2016/01/21 09:24:52 [trace] [system.CModule] Loading "request" application component
in D:\wamp\www\file.myzd.com\index.php (13)
2016/01/21 09:24:52 [trace] [system.CModule] Loading "session" application component
in D:\wamp\www\file.myzd.com\protected\components\ApplicationConfigBehavior.php (28)
in D:\wamp\www\file.myzd.com\index.php (13)
2016/01/21 09:24:52 [trace] [system.db.CDbCommand] Executing SQL: DELETE FROM `core_session` WHERE expire<:expire
in D:\wamp\www\file.myzd.com\protected\components\ApplicationConfigBehavior.php (28)
in D:\wamp\www\file.myzd.com\index.php (13)
2016/01/21 09:24:52 [trace] [system.db.CDbCommand] Querying SQL: SELECT `data`
FROM `core_session`
WHERE expire>:expire AND id=:id
in D:\wamp\www\file.myzd.com\protected\components\ApplicationConfigBehavior.php (28)
in D:\wamp\www\file.myzd.com\index.php (13)
2016/01/21 09:24:52 [trace] [system.CModule] Loading "user" application component
in D:\wamp\www\file.myzd.com\protected\components\ApplicationConfigBehavior.php (32)
in D:\wamp\www\file.myzd.com\index.php (13)
2016/01/21 09:24:52 [trace] [system.CModule] Loading "urlManager" application component
in D:\wamp\www\file.myzd.com\index.php (13)
2016/01/21 09:24:52 [trace] [system.CModule] Loading "coreMessages" application component
in D:\wamp\www\file.myzd.com\index.php (13)
2016/01/21 09:24:52 [trace] [system.CModule] Loading "errorHandler" application component
2016/01/21 09:24:52 [trace] [system.db.CDbCommand] Executing SQL: INSERT INTO `core_log` (`level`, `category`, `logtime`, `message`) VALUES (:level, :category, :logtime, :message)
2016/01/21 09:24:55 [trace] [system.CModule] Loading "log" application component
in D:\wamp\www\file.myzd.com\index.php (13)
2016/01/21 09:24:55 [trace] [system.CModule] Loading "db" application component
in D:\wamp\www\file.myzd.com\index.php (13)
2016/01/21 09:24:55 [trace] [system.db.CDbConnection] Opening DB connection
in D:\wamp\www\file.myzd.com\index.php (13)
2016/01/21 09:24:55 [trace] [system.db.CDbCommand] Executing SQL: DELETE FROM `core_log` WHERE 0=1
in D:\wamp\www\file.myzd.com\index.php (13)
2016/01/21 09:24:55 [trace] [system.CModule] Loading "request" application component
in D:\wamp\www\file.myzd.com\index.php (13)
2016/01/21 09:24:55 [trace] [system.CModule] Loading "session" application component
in D:\wamp\www\file.myzd.com\protected\components\ApplicationConfigBehavior.php (28)
in D:\wamp\www\file.myzd.com\index.php (13)
2016/01/21 09:24:55 [trace] [system.db.CDbCommand] Executing SQL: DELETE FROM `core_session` WHERE expire<:expire
in D:\wamp\www\file.myzd.com\protected\components\ApplicationConfigBehavior.php (28)
in D:\wamp\www\file.myzd.com\index.php (13)
2016/01/21 09:24:55 [trace] [system.db.CDbCommand] Querying SQL: SELECT `data`
FROM `core_session`
WHERE expire>:expire AND id=:id
in D:\wamp\www\file.myzd.com\protected\components\ApplicationConfigBehavior.php (28)
in D:\wamp\www\file.myzd.com\index.php (13)
2016/01/21 09:24:55 [trace] [system.CModule] Loading "user" application component
in D:\wamp\www\file.myzd.com\protected\components\ApplicationConfigBehavior.php (32)
in D:\wamp\www\file.myzd.com\index.php (13)
2016/01/21 09:24:55 [trace] [system.CModule] Loading "urlManager" application component
in D:\wamp\www\file.myzd.com\index.php (13)
2016/01/21 09:24:55 [trace] [system.CModule] Loading "coreMessages" application component
in D:\wamp\www\file.myzd.com\index.php (13)
2016/01/21 09:24:55 [trace] [system.CModule] Loading "errorHandler" application component
2016/01/21 09:24:55 [trace] [system.db.CDbCommand] Executing SQL: INSERT INTO `core_log` (`level`, `category`, `logtime`, `message`) VALUES (:level, :category, :logtime, :message)
2016/01/21 09:24:57 [trace] [system.CModule] Loading "log" application component
in D:\wamp\www\file.myzd.com\index.php (13)
2016/01/21 09:24:57 [trace] [system.CModule] Loading "db" application component
in D:\wamp\www\file.myzd.com\index.php (13)
2016/01/21 09:24:57 [trace] [system.db.CDbConnection] Opening DB connection
in D:\wamp\www\file.myzd.com\index.php (13)
2016/01/21 09:24:57 [trace] [system.db.CDbCommand] Executing SQL: DELETE FROM `core_log` WHERE 0=1
in D:\wamp\www\file.myzd.com\index.php (13)
2016/01/21 09:24:57 [trace] [system.CModule] Loading "request" application component
in D:\wamp\www\file.myzd.com\index.php (13)
2016/01/21 09:24:57 [trace] [system.CModule] Loading "session" application component
in D:\wamp\www\file.myzd.com\protected\components\ApplicationConfigBehavior.php (28)
in D:\wamp\www\file.myzd.com\index.php (13)
2016/01/21 09:24:57 [trace] [system.db.CDbCommand] Executing SQL: DELETE FROM `core_session` WHERE expire<:expire
in D:\wamp\www\file.myzd.com\protected\components\ApplicationConfigBehavior.php (28)
in D:\wamp\www\file.myzd.com\index.php (13)
2016/01/21 09:24:57 [trace] [system.db.CDbCommand] Querying SQL: SELECT `data`
FROM `core_session`
WHERE expire>:expire AND id=:id
in D:\wamp\www\file.myzd.com\protected\components\ApplicationConfigBehavior.php (28)
in D:\wamp\www\file.myzd.com\index.php (13)
2016/01/21 09:24:57 [trace] [system.CModule] Loading "user" application component
in D:\wamp\www\file.myzd.com\protected\components\ApplicationConfigBehavior.php (32)
in D:\wamp\www\file.myzd.com\index.php (13)
2016/01/21 09:24:57 [trace] [system.CModule] Loading "urlManager" application component
in D:\wamp\www\file.myzd.com\index.php (13)
2016/01/21 09:24:57 [trace] [system.CModule] Loading "coreMessages" application component
in D:\wamp\www\file.myzd.com\index.php (13)
2016/01/21 09:24:57 [trace] [system.CModule] Loading "errorHandler" application component
2016/01/21 09:24:57 [trace] [system.db.CDbCommand] Executing SQL: INSERT INTO `core_log` (`level`, `category`, `logtime`, `message`) VALUES (:level, :category, :logtime, :message)
2016/01/21 09:24:58 [trace] [system.CModule] Loading "log" application component
in D:\wamp\www\file.myzd.com\index.php (13)
2016/01/21 09:24:58 [trace] [system.CModule] Loading "db" application component
in D:\wamp\www\file.myzd.com\index.php (13)
2016/01/21 09:24:58 [trace] [system.db.CDbConnection] Opening DB connection
in D:\wamp\www\file.myzd.com\index.php (13)
2016/01/21 09:24:58 [trace] [system.db.CDbCommand] Executing SQL: DELETE FROM `core_log` WHERE 0=1
in D:\wamp\www\file.myzd.com\index.php (13)
2016/01/21 09:24:58 [trace] [system.CModule] Loading "request" application component
in D:\wamp\www\file.myzd.com\index.php (13)
2016/01/21 09:24:58 [trace] [system.CModule] Loading "session" application component
in D:\wamp\www\file.myzd.com\protected\components\ApplicationConfigBehavior.php (28)
in D:\wamp\www\file.myzd.com\index.php (13)
2016/01/21 09:24:58 [trace] [system.db.CDbCommand] Executing SQL: DELETE FROM `core_session` WHERE expire<:expire
in D:\wamp\www\file.myzd.com\protected\components\ApplicationConfigBehavior.php (28)
in D:\wamp\www\file.myzd.com\index.php (13)
2016/01/21 09:24:58 [trace] [system.db.CDbCommand] Querying SQL: SELECT `data`
FROM `core_session`
WHERE expire>:expire AND id=:id
in D:\wamp\www\file.myzd.com\protected\components\ApplicationConfigBehavior.php (28)
in D:\wamp\www\file.myzd.com\index.php (13)
2016/01/21 09:24:58 [trace] [system.CModule] Loading "user" application component
in D:\wamp\www\file.myzd.com\protected\components\ApplicationConfigBehavior.php (32)
in D:\wamp\www\file.myzd.com\index.php (13)
2016/01/21 09:24:58 [trace] [system.CModule] Loading "urlManager" application component
in D:\wamp\www\file.myzd.com\index.php (13)
2016/01/21 09:24:58 [trace] [system.CModule] Loading "coreMessages" application component
in D:\wamp\www\file.myzd.com\index.php (13)
2016/01/21 09:24:58 [trace] [system.CModule] Loading "errorHandler" application component
2016/01/21 09:24:58 [trace] [system.db.CDbCommand] Executing SQL: INSERT INTO `core_log` (`level`, `category`, `logtime`, `message`) VALUES (:level, :category, :logtime, :message)
2016/01/21 09:27:53 [trace] [system.CModule] Loading "log" application component
in D:\wamp\www\file.myzd.com\index.php (13)
2016/01/21 09:27:53 [trace] [system.CModule] Loading "db" application component
in D:\wamp\www\file.myzd.com\index.php (13)
2016/01/21 09:27:53 [trace] [system.db.CDbConnection] Opening DB connection
in D:\wamp\www\file.myzd.com\index.php (13)
2016/01/21 09:27:53 [trace] [system.db.CDbCommand] Executing SQL: DELETE FROM `core_log` WHERE 0=1
in D:\wamp\www\file.myzd.com\index.php (13)
2016/01/21 09:27:53 [trace] [system.CModule] Loading "request" application component
in D:\wamp\www\file.myzd.com\index.php (13)
2016/01/21 09:27:53 [trace] [system.CModule] Loading "session" application component
in D:\wamp\www\file.myzd.com\protected\components\ApplicationConfigBehavior.php (28)
in D:\wamp\www\file.myzd.com\index.php (13)
2016/01/21 09:27:53 [trace] [system.db.CDbCommand] Executing SQL: DELETE FROM `core_session` WHERE expire<:expire
in D:\wamp\www\file.myzd.com\protected\components\ApplicationConfigBehavior.php (28)
in D:\wamp\www\file.myzd.com\index.php (13)
2016/01/21 09:27:53 [trace] [system.db.CDbCommand] Querying SQL: SELECT `data`
FROM `core_session`
WHERE expire>:expire AND id=:id
in D:\wamp\www\file.myzd.com\protected\components\ApplicationConfigBehavior.php (28)
in D:\wamp\www\file.myzd.com\index.php (13)
2016/01/21 09:27:53 [trace] [system.CModule] Loading "user" application component
in D:\wamp\www\file.myzd.com\protected\components\ApplicationConfigBehavior.php (32)
in D:\wamp\www\file.myzd.com\index.php (13)
2016/01/21 09:27:53 [trace] [system.CModule] Loading "urlManager" application component
in D:\wamp\www\file.myzd.com\index.php (13)
2016/01/21 09:27:53 [trace] [system.CModule] Loading "coreMessages" application component
in D:\wamp\www\file.myzd.com\index.php (13)
2016/01/21 09:27:53 [trace] [system.CModule] Loading "errorHandler" application component
2016/01/21 09:27:53 [trace] [system.db.CDbCommand] Executing SQL: INSERT INTO `core_log` (`level`, `category`, `logtime`, `message`) VALUES (:level, :category, :logtime, :message)
2016/01/22 01:59:51 [trace] [system.CModule] Loading "log" application component
in D:\wamp\www\file.myzd.com\index.php (13)
2016/01/22 01:59:51 [trace] [system.CModule] Loading "db" application component
in D:\wamp\www\file.myzd.com\index.php (13)
2016/01/22 01:59:51 [trace] [system.db.CDbConnection] Opening DB connection
in D:\wamp\www\file.myzd.com\index.php (13)
2016/01/22 01:59:51 [trace] [system.db.CDbCommand] Executing SQL: DELETE FROM `core_log` WHERE 0=1
in D:\wamp\www\file.myzd.com\index.php (13)
2016/01/22 01:59:51 [trace] [system.CModule] Loading "request" application component
in D:\wamp\www\file.myzd.com\index.php (13)
2016/01/22 01:59:51 [trace] [system.CModule] Loading "session" application component
in D:\wamp\www\file.myzd.com\protected\components\ApplicationConfigBehavior.php (28)
in D:\wamp\www\file.myzd.com\index.php (13)
2016/01/22 01:59:51 [trace] [system.db.CDbCommand] Executing SQL: DELETE FROM `core_session` WHERE expire<:expire
in D:\wamp\www\file.myzd.com\protected\components\ApplicationConfigBehavior.php (28)
in D:\wamp\www\file.myzd.com\index.php (13)
2016/01/22 01:59:51 [trace] [system.db.CDbCommand] Querying SQL: SELECT `data`
FROM `core_session`
WHERE expire>:expire AND id=:id
in D:\wamp\www\file.myzd.com\protected\components\ApplicationConfigBehavior.php (28)
in D:\wamp\www\file.myzd.com\index.php (13)
2016/01/22 01:59:51 [trace] [system.CModule] Loading "user" application component
in D:\wamp\www\file.myzd.com\protected\components\ApplicationConfigBehavior.php (32)
in D:\wamp\www\file.myzd.com\index.php (13)
2016/01/22 01:59:51 [trace] [system.CModule] Loading "urlManager" application component
in D:\wamp\www\file.myzd.com\index.php (13)
2016/01/22 01:59:51 [trace] [system.CModule] Loading "coreMessages" application component
in D:\wamp\www\file.myzd.com\index.php (13)
2016/01/22 01:59:51 [trace] [system.CModule] Loading "errorHandler" application component
2016/01/22 01:59:52 [trace] [system.db.CDbCommand] Executing SQL: INSERT INTO `core_log` (`level`, `category`, `logtime`, `message`) VALUES (:level, :category, :logtime, :message)
2016/01/22 03:11:34 [trace] [system.CModule] Loading "log" application component
in D:\wamp\www\file.myzd.com\index.php (13)
2016/01/22 03:11:34 [trace] [system.CModule] Loading "db" application component
in D:\wamp\www\file.myzd.com\index.php (13)
2016/01/22 03:11:34 [trace] [system.db.CDbConnection] Opening DB connection
in D:\wamp\www\file.myzd.com\index.php (13)
2016/01/22 03:11:34 [trace] [system.db.CDbCommand] Executing SQL: DELETE FROM `core_log` WHERE 0=1
in D:\wamp\www\file.myzd.com\index.php (13)
2016/01/22 03:11:34 [trace] [system.CModule] Loading "request" application component
in D:\wamp\www\file.myzd.com\index.php (13)
2016/01/22 03:11:34 [trace] [system.CModule] Loading "session" application component
in D:\wamp\www\file.myzd.com\protected\components\ApplicationConfigBehavior.php (28)
in D:\wamp\www\file.myzd.com\index.php (13)
2016/01/22 03:11:34 [trace] [system.db.CDbCommand] Executing SQL: DELETE FROM `core_session` WHERE expire<:expire
in D:\wamp\www\file.myzd.com\protected\components\ApplicationConfigBehavior.php (28)
in D:\wamp\www\file.myzd.com\index.php (13)
2016/01/22 03:11:34 [trace] [system.db.CDbCommand] Querying SQL: SELECT `data`
FROM `core_session`
WHERE expire>:expire AND id=:id
in D:\wamp\www\file.myzd.com\protected\components\ApplicationConfigBehavior.php (28)
in D:\wamp\www\file.myzd.com\index.php (13)
2016/01/22 03:11:34 [trace] [system.CModule] Loading "user" application component
in D:\wamp\www\file.myzd.com\protected\components\ApplicationConfigBehavior.php (32)
in D:\wamp\www\file.myzd.com\index.php (13)
2016/01/22 03:11:34 [trace] [system.CModule] Loading "urlManager" application component
in D:\wamp\www\file.myzd.com\index.php (13)
2016/01/22 03:11:34 [trace] [system.CModule] Loading "coreMessages" application component
in D:\wamp\www\file.myzd.com\index.php (13)
2016/01/22 03:11:34 [trace] [system.CModule] Loading "errorHandler" application component
2016/01/22 03:11:34 [trace] [system.db.CDbCommand] Executing SQL: INSERT INTO `core_log` (`level`, `category`, `logtime`, `message`) VALUES (:level, :category, :logtime, :message)
2016/01/22 03:21:04 [trace] [system.CModule] Loading "log" application component
in D:\wamp\www\file.myzd.com\index.php (13)
2016/01/22 03:21:04 [trace] [system.CModule] Loading "db" application component
in D:\wamp\www\file.myzd.com\index.php (13)
2016/01/22 03:21:04 [trace] [system.db.CDbConnection] Opening DB connection
in D:\wamp\www\file.myzd.com\index.php (13)
2016/01/22 03:21:04 [trace] [system.db.CDbCommand] Executing SQL: DELETE FROM `core_log` WHERE 0=1
in D:\wamp\www\file.myzd.com\index.php (13)
2016/01/22 03:21:04 [trace] [system.CModule] Loading "request" application component
in D:\wamp\www\file.myzd.com\index.php (13)
2016/01/22 03:21:04 [trace] [system.CModule] Loading "session" application component
in D:\wamp\www\file.myzd.com\protected\components\ApplicationConfigBehavior.php (28)
in D:\wamp\www\file.myzd.com\index.php (13)
2016/01/22 03:21:04 [trace] [system.db.CDbCommand] Executing SQL: DELETE FROM `core_session` WHERE expire<:expire
in D:\wamp\www\file.myzd.com\protected\components\ApplicationConfigBehavior.php (28)
in D:\wamp\www\file.myzd.com\index.php (13)
2016/01/22 03:21:04 [trace] [system.db.CDbCommand] Querying SQL: SELECT `data`
FROM `core_session`
WHERE expire>:expire AND id=:id
in D:\wamp\www\file.myzd.com\protected\components\ApplicationConfigBehavior.php (28)
in D:\wamp\www\file.myzd.com\index.php (13)
2016/01/22 03:21:04 [trace] [system.CModule] Loading "user" application component
in D:\wamp\www\file.myzd.com\protected\components\ApplicationConfigBehavior.php (32)
in D:\wamp\www\file.myzd.com\index.php (13)
2016/01/22 03:21:04 [trace] [system.CModule] Loading "urlManager" application component
in D:\wamp\www\file.myzd.com\index.php (13)
2016/01/22 03:21:04 [trace] [system.CModule] Loading "coreMessages" application component
in D:\wamp\www\file.myzd.com\index.php (13)
2016/01/22 03:21:04 [trace] [system.CModule] Loading "errorHandler" application component
2016/01/22 03:21:04 [trace] [system.db.CDbCommand] Executing SQL: INSERT INTO `core_log` (`level`, `category`, `logtime`, `message`) VALUES (:level, :category, :logtime, :message)
2016/01/22 05:41:21 [trace] [system.CModule] Loading "log" application component
in D:\wamp\www\file.myzd.com\index.php (13)
2016/01/22 05:41:21 [trace] [system.CModule] Loading "db" application component
in D:\wamp\www\file.myzd.com\index.php (13)
2016/01/22 05:41:21 [trace] [system.db.CDbConnection] Opening DB connection
in D:\wamp\www\file.myzd.com\index.php (13)
2016/01/22 05:41:21 [trace] [system.db.CDbCommand] Executing SQL: DELETE FROM `core_log` WHERE 0=1
in D:\wamp\www\file.myzd.com\index.php (13)
2016/01/22 05:41:21 [trace] [system.CModule] Loading "request" application component
in D:\wamp\www\file.myzd.com\index.php (13)
2016/01/22 05:41:21 [trace] [system.CModule] Loading "session" application component
in D:\wamp\www\file.myzd.com\protected\components\ApplicationConfigBehavior.php (28)
in D:\wamp\www\file.myzd.com\index.php (13)
2016/01/22 05:41:21 [trace] [system.db.CDbCommand] Executing SQL: DELETE FROM `core_session` WHERE expire<:expire
in D:\wamp\www\file.myzd.com\protected\components\ApplicationConfigBehavior.php (28)
in D:\wamp\www\file.myzd.com\index.php (13)
2016/01/22 05:41:21 [trace] [system.db.CDbCommand] Querying SQL: SELECT `data`
FROM `core_session`
WHERE expire>:expire AND id=:id
in D:\wamp\www\file.myzd.com\protected\components\ApplicationConfigBehavior.php (28)
in D:\wamp\www\file.myzd.com\index.php (13)
2016/01/22 05:41:21 [trace] [system.CModule] Loading "user" application component
in D:\wamp\www\file.myzd.com\protected\components\ApplicationConfigBehavior.php (32)
in D:\wamp\www\file.myzd.com\index.php (13)
2016/01/22 05:41:21 [trace] [system.CModule] Loading "urlManager" application component
in D:\wamp\www\file.myzd.com\index.php (13)
2016/01/22 05:41:21 [trace] [system.CModule] Loading "coreMessages" application component
in D:\wamp\www\file.myzd.com\index.php (13)
2016/01/22 05:41:21 [trace] [system.CModule] Loading "errorHandler" application component
2016/01/22 05:41:21 [trace] [system.db.CDbCommand] Executing SQL: INSERT INTO `core_log` (`level`, `category`, `logtime`, `message`) VALUES (:level, :category, :logtime, :message)
2016/01/22 05:41:31 [trace] [system.CModule] Loading "log" application component
in D:\wamp\www\file.myzd.com\index.php (13)
2016/01/22 05:41:31 [trace] [system.CModule] Loading "db" application component
in D:\wamp\www\file.myzd.com\index.php (13)
2016/01/22 05:41:31 [trace] [system.db.CDbConnection] Opening DB connection
in D:\wamp\www\file.myzd.com\index.php (13)
2016/01/22 05:41:31 [trace] [system.db.CDbCommand] Executing SQL: DELETE FROM `core_log` WHERE 0=1
in D:\wamp\www\file.myzd.com\index.php (13)
2016/01/22 05:41:31 [trace] [system.CModule] Loading "request" application component
in D:\wamp\www\file.myzd.com\index.php (13)
2016/01/22 05:41:31 [trace] [system.CModule] Loading "session" application component
in D:\wamp\www\file.myzd.com\protected\components\ApplicationConfigBehavior.php (28)
in D:\wamp\www\file.myzd.com\index.php (13)
2016/01/22 05:41:31 [trace] [system.db.CDbCommand] Executing SQL: DELETE FROM `core_session` WHERE expire<:expire
in D:\wamp\www\file.myzd.com\protected\components\ApplicationConfigBehavior.php (28)
in D:\wamp\www\file.myzd.com\index.php (13)
2016/01/22 05:41:31 [trace] [system.db.CDbCommand] Querying SQL: SELECT `data`
FROM `core_session`
WHERE expire>:expire AND id=:id
in D:\wamp\www\file.myzd.com\protected\components\ApplicationConfigBehavior.php (28)
in D:\wamp\www\file.myzd.com\index.php (13)
2016/01/22 05:41:31 [trace] [system.CModule] Loading "user" application component
in D:\wamp\www\file.myzd.com\protected\components\ApplicationConfigBehavior.php (32)
in D:\wamp\www\file.myzd.com\index.php (13)
2016/01/22 05:41:31 [trace] [system.CModule] Loading "urlManager" application component
in D:\wamp\www\file.myzd.com\index.php (13)
2016/01/22 05:41:34 [trace] [system.CModule] Loading "log" application component
in D:\wamp\www\file.myzd.com\index.php (13)
2016/01/22 05:41:34 [trace] [system.CModule] Loading "db" application component
in D:\wamp\www\file.myzd.com\index.php (13)
2016/01/22 05:41:34 [trace] [system.db.CDbConnection] Opening DB connection
in D:\wamp\www\file.myzd.com\index.php (13)
2016/01/22 05:41:34 [trace] [system.db.CDbCommand] Executing SQL: DELETE FROM `core_log` WHERE 0=1
in D:\wamp\www\file.myzd.com\index.php (13)
2016/01/22 05:41:34 [trace] [system.CModule] Loading "request" application component
in D:\wamp\www\file.myzd.com\index.php (13)
2016/01/22 05:41:34 [trace] [system.CModule] Loading "session" application component
in D:\wamp\www\file.myzd.com\protected\components\ApplicationConfigBehavior.php (28)
in D:\wamp\www\file.myzd.com\index.php (13)
2016/01/22 05:41:34 [trace] [system.db.CDbCommand] Executing SQL: DELETE FROM `core_session` WHERE expire<:expire
in D:\wamp\www\file.myzd.com\protected\components\ApplicationConfigBehavior.php (28)
in D:\wamp\www\file.myzd.com\index.php (13)
2016/01/22 05:41:34 [trace] [system.db.CDbCommand] Querying SQL: SELECT `data`
FROM `core_session`
WHERE expire>:expire AND id=:id
in D:\wamp\www\file.myzd.com\protected\components\ApplicationConfigBehavior.php (28)
in D:\wamp\www\file.myzd.com\index.php (13)
2016/01/22 05:41:34 [trace] [system.CModule] Loading "user" application component
in D:\wamp\www\file.myzd.com\protected\components\ApplicationConfigBehavior.php (32)
in D:\wamp\www\file.myzd.com\index.php (13)
2016/01/22 05:41:34 [trace] [system.CModule] Loading "urlManager" application component
in D:\wamp\www\file.myzd.com\index.php (13)
2016/01/22 05:41:36 [trace] [system.CModule] Loading "log" application component
in D:\wamp\www\file.myzd.com\index.php (13)
2016/01/22 05:41:36 [trace] [system.CModule] Loading "db" application component
in D:\wamp\www\file.myzd.com\index.php (13)
2016/01/22 05:41:36 [trace] [system.db.CDbConnection] Opening DB connection
in D:\wamp\www\file.myzd.com\index.php (13)
2016/01/22 05:41:36 [trace] [system.db.CDbCommand] Executing SQL: DELETE FROM `core_log` WHERE 0=1
in D:\wamp\www\file.myzd.com\index.php (13)
2016/01/22 05:41:36 [trace] [system.CModule] Loading "request" application component
in D:\wamp\www\file.myzd.com\index.php (13)
2016/01/22 05:41:36 [trace] [system.CModule] Loading "session" application component
in D:\wamp\www\file.myzd.com\protected\components\ApplicationConfigBehavior.php (28)
in D:\wamp\www\file.myzd.com\index.php (13)
2016/01/22 05:41:36 [trace] [system.db.CDbCommand] Executing SQL: DELETE FROM `core_session` WHERE expire<:expire
in D:\wamp\www\file.myzd.com\protected\components\ApplicationConfigBehavior.php (28)
in D:\wamp\www\file.myzd.com\index.php (13)
2016/01/22 05:41:36 [trace] [system.db.CDbCommand] Querying SQL: SELECT `data`
FROM `core_session`
WHERE expire>:expire AND id=:id
in D:\wamp\www\file.myzd.com\protected\components\ApplicationConfigBehavior.php (28)
in D:\wamp\www\file.myzd.com\index.php (13)
2016/01/22 05:41:36 [trace] [system.CModule] Loading "user" application component
in D:\wamp\www\file.myzd.com\protected\components\ApplicationConfigBehavior.php (32)
in D:\wamp\www\file.myzd.com\index.php (13)
2016/01/22 05:41:36 [trace] [system.CModule] Loading "urlManager" application component
in D:\wamp\www\file.myzd.com\index.php (13)
2016/01/22 05:41:38 [trace] [system.CModule] Loading "log" application component
in D:\wamp\www\file.myzd.com\index.php (13)
2016/01/22 05:41:38 [trace] [system.CModule] Loading "db" application component
in D:\wamp\www\file.myzd.com\index.php (13)
2016/01/22 05:41:38 [trace] [system.db.CDbConnection] Opening DB connection
in D:\wamp\www\file.myzd.com\index.php (13)
2016/01/22 05:41:38 [trace] [system.db.CDbCommand] Executing SQL: DELETE FROM `core_log` WHERE 0=1
in D:\wamp\www\file.myzd.com\index.php (13)
2016/01/22 05:41:38 [trace] [system.CModule] Loading "request" application component
in D:\wamp\www\file.myzd.com\index.php (13)
2016/01/22 05:41:38 [trace] [system.CModule] Loading "session" application component
in D:\wamp\www\file.myzd.com\protected\components\ApplicationConfigBehavior.php (28)
in D:\wamp\www\file.myzd.com\index.php (13)
2016/01/22 05:41:38 [trace] [system.db.CDbCommand] Executing SQL: DELETE FROM `core_session` WHERE expire<:expire
in D:\wamp\www\file.myzd.com\protected\components\ApplicationConfigBehavior.php (28)
in D:\wamp\www\file.myzd.com\index.php (13)
2016/01/22 05:41:38 [trace] [system.db.CDbCommand] Querying SQL: SELECT `data`
FROM `core_session`
WHERE expire>:expire AND id=:id
in D:\wamp\www\file.myzd.com\protected\components\ApplicationConfigBehavior.php (28)
in D:\wamp\www\file.myzd.com\index.php (13)
2016/01/22 05:41:38 [trace] [system.CModule] Loading "user" application component
in D:\wamp\www\file.myzd.com\protected\components\ApplicationConfigBehavior.php (32)
in D:\wamp\www\file.myzd.com\index.php (13)
2016/01/22 05:41:38 [trace] [system.CModule] Loading "urlManager" application component
in D:\wamp\www\file.myzd.com\index.php (13)
2016/01/22 05:41:46 [trace] [system.CModule] Loading "log" application component
in D:\wamp\www\file.myzd.com\index.php (13)
2016/01/22 05:41:46 [trace] [system.CModule] Loading "db" application component
in D:\wamp\www\file.myzd.com\index.php (13)
2016/01/22 05:41:46 [trace] [system.db.CDbConnection] Opening DB connection
in D:\wamp\www\file.myzd.com\index.php (13)
2016/01/22 05:41:46 [trace] [system.db.CDbCommand] Executing SQL: DELETE FROM `core_log` WHERE 0=1
in D:\wamp\www\file.myzd.com\index.php (13)
2016/01/22 05:41:46 [trace] [system.CModule] Loading "request" application component
in D:\wamp\www\file.myzd.com\index.php (13)
2016/01/22 05:41:46 [trace] [system.CModule] Loading "session" application component
in D:\wamp\www\file.myzd.com\protected\components\ApplicationConfigBehavior.php (28)
in D:\wamp\www\file.myzd.com\index.php (13)
2016/01/22 05:41:46 [trace] [system.db.CDbCommand] Executing SQL: DELETE FROM `core_session` WHERE expire<:expire
in D:\wamp\www\file.myzd.com\protected\components\ApplicationConfigBehavior.php (28)
in D:\wamp\www\file.myzd.com\index.php (13)
2016/01/22 05:41:46 [trace] [system.db.CDbCommand] Querying SQL: SELECT `data`
FROM `core_session`
WHERE expire>:expire AND id=:id
in D:\wamp\www\file.myzd.com\protected\components\ApplicationConfigBehavior.php (28)
in D:\wamp\www\file.myzd.com\index.php (13)
2016/01/22 05:41:46 [trace] [system.CModule] Loading "user" application component
in D:\wamp\www\file.myzd.com\protected\components\ApplicationConfigBehavior.php (32)
in D:\wamp\www\file.myzd.com\index.php (13)
2016/01/22 05:41:46 [trace] [system.CModule] Loading "urlManager" application component
in D:\wamp\www\file.myzd.com\index.php (13)
2016/01/22 05:42:04 [trace] [system.CModule] Loading "log" application component
in D:\wamp\www\file.myzd.com\index.php (13)
2016/01/22 05:42:04 [trace] [system.CModule] Loading "db" application component
in D:\wamp\www\file.myzd.com\index.php (13)
2016/01/22 05:42:04 [trace] [system.db.CDbConnection] Opening DB connection
in D:\wamp\www\file.myzd.com\index.php (13)
2016/01/22 05:42:04 [trace] [system.db.CDbCommand] Executing SQL: DELETE FROM `core_log` WHERE 0=1
in D:\wamp\www\file.myzd.com\index.php (13)
2016/01/22 05:42:04 [trace] [system.CModule] Loading "request" application component
in D:\wamp\www\file.myzd.com\index.php (13)
2016/01/22 05:42:04 [trace] [system.CModule] Loading "session" application component
in D:\wamp\www\file.myzd.com\protected\components\ApplicationConfigBehavior.php (28)
in D:\wamp\www\file.myzd.com\index.php (13)
2016/01/22 05:42:04 [trace] [system.db.CDbCommand] Executing SQL: DELETE FROM `core_session` WHERE expire<:expire
in D:\wamp\www\file.myzd.com\protected\components\ApplicationConfigBehavior.php (28)
in D:\wamp\www\file.myzd.com\index.php (13)
2016/01/22 05:42:04 [trace] [system.db.CDbCommand] Querying SQL: SELECT `data`
FROM `core_session`
WHERE expire>:expire AND id=:id
in D:\wamp\www\file.myzd.com\protected\components\ApplicationConfigBehavior.php (28)
in D:\wamp\www\file.myzd.com\index.php (13)
2016/01/22 05:42:04 [trace] [system.CModule] Loading "user" application component
in D:\wamp\www\file.myzd.com\protected\components\ApplicationConfigBehavior.php (32)
in D:\wamp\www\file.myzd.com\index.php (13)
2016/01/22 05:42:04 [trace] [system.CModule] Loading "urlManager" application component
in D:\wamp\www\file.myzd.com\index.php (13)
2016/01/22 05:42:05 [trace] [system.CModule] Loading "log" application component
in D:\wamp\www\file.myzd.com\index.php (13)
2016/01/22 05:42:05 [trace] [system.CModule] Loading "db" application component
in D:\wamp\www\file.myzd.com\index.php (13)
2016/01/22 05:42:05 [trace] [system.db.CDbConnection] Opening DB connection
in D:\wamp\www\file.myzd.com\index.php (13)
2016/01/22 05:42:05 [trace] [system.db.CDbCommand] Executing SQL: DELETE FROM `core_log` WHERE 0=1
in D:\wamp\www\file.myzd.com\index.php (13)
2016/01/22 05:42:05 [trace] [system.CModule] Loading "request" application component
in D:\wamp\www\file.myzd.com\index.php (13)
2016/01/22 05:42:05 [trace] [system.CModule] Loading "session" application component
in D:\wamp\www\file.myzd.com\protected\components\ApplicationConfigBehavior.php (28)
in D:\wamp\www\file.myzd.com\index.php (13)
2016/01/22 05:42:05 [trace] [system.db.CDbCommand] Executing SQL: DELETE FROM `core_session` WHERE expire<:expire
in D:\wamp\www\file.myzd.com\protected\components\ApplicationConfigBehavior.php (28)
in D:\wamp\www\file.myzd.com\index.php (13)
2016/01/22 05:42:05 [trace] [system.db.CDbCommand] Querying SQL: SELECT `data`
FROM `core_session`
WHERE expire>:expire AND id=:id
in D:\wamp\www\file.myzd.com\protected\components\ApplicationConfigBehavior.php (28)
in D:\wamp\www\file.myzd.com\index.php (13)
2016/01/22 05:42:05 [trace] [system.CModule] Loading "user" application component
in D:\wamp\www\file.myzd.com\protected\components\ApplicationConfigBehavior.php (32)
in D:\wamp\www\file.myzd.com\index.php (13)
2016/01/22 05:42:05 [trace] [system.CModule] Loading "urlManager" application component
in D:\wamp\www\file.myzd.com\index.php (13)
